TN:
SF:F:\Универ\Моё\4\123\laba3\src\index.js
FN:8,returnFirstArgument
FN:18,defaultParameterValue
FN:28,returnArgumentsArray
FN:41,returnFnResult
FN:51,returnCounter
FN:52,F
FN:63,bindFunction
FN:71,forEach
FN:81,map
FN:93,reduce
FN:108,deleteProperty
FN:117,hasProperty
FN:125,getEnumProps
FN:137,upperProps
FN:149,slice
FN:163,isAllTrue
FN:194,isSomeTrue
FN:221,returnBadArguments
FN:250,calculator
FN:256,(anonymous_19)
FN:263,(anonymous_20)
FN:270,(anonymous_21)
FN:280,(anonymous_22)
FNF:23
FNH:23
FNDA:1,returnFirstArgument
FNDA:2,defaultParameterValue
FNDA:2,returnArgumentsArray
FNDA:1,returnFnResult
FNDA:3,returnCounter
FNDA:6,F
FNDA:2,bindFunction
FNDA:3,forEach
FNDA:5,map
FNDA:11,reduce
FNDA:1,deleteProperty
FNDA:2,hasProperty
FNDA:1,getEnumProps
FNDA:1,upperProps
FNDA:1,slice
FNDA:5,isAllTrue
FNDA:4,isSomeTrue
FNDA:4,returnBadArguments
FNDA:8,calculator
FNDA:2,(anonymous_19)
FNDA:1,(anonymous_20)
FNDA:2,(anonymous_21)
FNDA:1,(anonymous_22)
DA:9,1
DA:19,2
DA:29,2
DA:30,2
DA:31,6
DA:33,2
DA:42,1
DA:52,3
DA:53,6
DA:72,3
DA:73,20
DA:82,5
DA:83,5
DA:84,39
DA:86,5
DA:94,11
DA:96,11
DA:97,59
DA:100,11
DA:109,1
DA:118,2
DA:126,1
DA:127,1
DA:128,2
DA:130,1
DA:138,1
DA:139,1
DA:140,2
DA:142,1
DA:164,5
DA:165,2
DA:166,3
DA:167,1
DA:169,2
DA:170,2
DA:172,2
DA:173,17
DA:174,17
DA:176,17
DA:177,2
DA:178,15
DA:179,0
DA:195,4
DA:196,2
DA:197,2
DA:198,1
DA:200,1
DA:202,1
DA:203,9
DA:204,9
DA:205,1
DA:209,1
DA:222,4
DA:223,4
DA:224,1
DA:226,3
DA:227,22
DA:228,22
DA:230,8
DA:233,3
DA:251,8
DA:252,1
DA:255,7
DA:257,2
DA:258,12
DA:261,2
DA:264,1
DA:265,8
DA:268,1
DA:271,2
DA:272,16
DA:273,1
DA:275,15
DA:278,1
DA:281,1
DA:282,4
DA:285,1
DA:288,7
LF:78
LH:77
BRDA:18,0,0,1
BRDA:51,1,0,2
BRDA:94,2,0,11
BRDA:94,2,1,7
BRDA:118,3,0,1
BRDA:118,3,1,1
BRDA:164,4,0,2
BRDA:164,4,1,3
BRDA:164,5,0,5
BRDA:164,5,1,5
BRDA:166,6,0,1
BRDA:166,6,1,2
BRDA:174,7,0,0
BRDA:174,7,1,17
BRDA:176,8,0,2
BRDA:176,8,1,15
BRDA:178,9,0,0
BRDA:178,9,1,15
BRDA:195,10,0,2
BRDA:195,10,1,2
BRDA:195,11,0,4
BRDA:195,11,1,4
BRDA:197,12,0,1
BRDA:197,12,1,1
BRDA:204,13,0,1
BRDA:204,13,1,8
BRDA:209,14,0,1
BRDA:209,14,1,0
BRDA:223,15,0,1
BRDA:223,15,1,3
BRDA:250,16,0,2
BRDA:251,17,0,1
BRDA:251,17,1,7
BRDA:272,18,0,1
BRDA:272,18,1,15
BRF:35
BRH:32
end_of_record
